<?xml version="1.0" encoding="UTF-8"?>
<testsuite time='0.032409' skipped='0' failures='0' errors='0' name="RanksControllerTest" assertions='2' tests='1'>
  <testcase time='0.032409' file="test/controllers/ranks_controller_test.rb" name="test_ranks_is_not_accessible_if_not_logged_in" assertions='2'>
  </testcase>
</testsuite>
