<?xml version="1.0" encoding="UTF-8"?>
<testsuite time='1.896286' skipped='0' failures='0' errors='0' name="ArticleTest" assertions='8' tests='6'>
  <testcase time='0.677751' file="test/models/article_test.rb" name="test_article_can_be_saved" assertions='1'>
  </testcase>
  <testcase time='0.254272' file="test/models/article_test.rb" name="test_article_must_have_description" assertions='1'>
  </testcase>
  <testcase time='0.257460' file="test/models/article_test.rb" name="test_article_title_length_restrictions" assertions='2'>
  </testcase>
  <testcase time='0.229278' file="test/models/article_test.rb" name="test_article_description_length_restrictions" assertions='2'>
  </testcase>
  <testcase time='0.231448' file="test/models/article_test.rb" name="test_article_must_have_user_id" assertions='1'>
  </testcase>
  <testcase time='0.246077' file="test/models/article_test.rb" name="test_article_must_have_title" assertions='1'>
  </testcase>
</testsuite>
