<?xml version="1.0" encoding="UTF-8"?>
<testsuite time='0.061805' skipped='0' failures='0' errors='0' name="PatrolTest" assertions='7' tests='5'>
  <testcase time='0.013375' file="test/models/patrol_test.rb" name="test_patrol_can_be_saved" assertions='1'>
  </testcase>
  <testcase time='0.015393' file="test/models/patrol_test.rb" name="test_patrol_requires_name" assertions='1'>
  </testcase>
  <testcase time='0.007484' file="test/models/patrol_test.rb" name="test_patrol_name_requirements" assertions='2'>
  </testcase>
  <testcase time='0.024804' file="test/models/patrol_test.rb" name="test_patrol_name_is_unique" assertions='2'>
  </testcase>
  <testcase time='0.000749' file="test/models/patrol_test.rb" name="test_scouts_belong_to_patrol" assertions='1'>
  </testcase>
</testsuite>
