<?xml version="1.0" encoding="UTF-8"?>
<testsuite time='0.015431' skipped='0' failures='0' errors='0' name="AdminControllerTest" assertions='2' tests='1'>
  <testcase time='0.015431' file="test/controllers/admin_controller_test.rb" name="test_admin_home_is_not_accessible_if_not_logged_in" assertions='2'>
  </testcase>
</testsuite>
